Started by user [8mha:////4J8JrJht7t7A7SriVTzQOlM2hmQuW/E1CIxqbiJ3dqs5AAAAmR+LCAAAAAAAAP9b85aBtbiIQTGjNKU4P08vOT+vOD8nVc83PyU1x6OyILUoJzMv2y+/JJUBAhiZGBgqihhk0NSjKDWzXb3RdlLBUSYGJk8GtpzUvPSSDB8G5tKinBIGIZ+sxLJE/ZzEvHT94JKizLx0a6BxUmjGOUNodHsLgAzOEgZe/dLi1CL90rzsvPzyPACFlOLawgAAAA==[0manonymous
Building in workspace C:\Jenkins\workspace\ParallelDemo
[ParallelDemo] $ cmd.exe /C "C:\Maven\apache-maven-3.5.2\bin\mvn.cmd -f C:\AutomationFramework\JavaSeleniumFramework\pom.xml verify && exit %%ERRORLEVEL%%"
[INFO] Scanning for projects...
[INFO] 
[INFO] ------------------------------------------------------------------------
[INFO] Building onlineAutomation 1.0-SNAPSHOT
[INFO] ------------------------------------------------------------------------
[8mha:////4FgVpCH/S5kjhM4aKaNEG8D32LVTzuWrGPC5JYx/R2KUAAAAYx+LCAAAAAAAAP9b85aBtbiIQSWjNKU4P0+vJLE4u1gvPjexLDVPzxdEhicW5WXmpfvll6S2fNly5fzGzauYGBgqihikoFqS8/OK83NS9ZwhNEghAwQwghQWAACwxA+XYgAAAA==[0m[WARNING] The POM for org.eclipse.jetty.websocket:websocket-client:jar:9.4.5.v20170502 is invalid, transitive dependencies (if any) will not be available, enable debug logging for more details
[8mha:////4FgVpCH/S5kjhM4aKaNEG8D32LVTzuWrGPC5JYx/R2KUAAAAYx+LCAAAAAAAAP9b85aBtbiIQSWjNKU4P0+vJLE4u1gvPjexLDVPzxdEhicW5WXmpfvll6S2fNly5fzGzauYGBgqihikoFqS8/OK83NS9ZwhNEghAwQwghQWAACwxA+XYgAAAA==[0m[WARNING] The POM for org.eclipse.jetty:jetty-client:jar:9.4.5.v20170502 is invalid, transitive dependencies (if any) will not be available, enable debug logging for more details
[8mha:////4FgVpCH/S5kjhM4aKaNEG8D32LVTzuWrGPC5JYx/R2KUAAAAYx+LCAAAAAAAAP9b85aBtbiIQSWjNKU4P0+vJLE4u1gvPjexLDVPzxdEhicW5WXmpfvll6S2fNly5fzGzauYGBgqihikoFqS8/OK83NS9ZwhNEghAwQwghQWAACwxA+XYgAAAA==[0m[WARNING] The POM for org.eclipse.jetty:jetty-http:jar:9.4.5.v20170502 is invalid, transitive dependencies (if any) will not be available, enable debug logging for more details
[8mha:////4FgVpCH/S5kjhM4aKaNEG8D32LVTzuWrGPC5JYx/R2KUAAAAYx+LCAAAAAAAAP9b85aBtbiIQSWjNKU4P0+vJLE4u1gvPjexLDVPzxdEhicW5WXmpfvll6S2fNly5fzGzauYGBgqihikoFqS8/OK83NS9ZwhNEghAwQwghQWAACwxA+XYgAAAA==[0m[WARNING] The POM for org.eclipse.jetty:jetty-io:jar:9.4.5.v20170502 is invalid, transitive dependencies (if any) will not be available, enable debug logging for more details
[8mha:////4FgVpCH/S5kjhM4aKaNEG8D32LVTzuWrGPC5JYx/R2KUAAAAYx+LCAAAAAAAAP9b85aBtbiIQSWjNKU4P0+vJLE4u1gvPjexLDVPzxdEhicW5WXmpfvll6S2fNly5fzGzauYGBgqihikoFqS8/OK83NS9ZwhNEghAwQwghQWAACwxA+XYgAAAA==[0m[WARNING] The POM for org.eclipse.jetty:jetty-util:jar:9.4.5.v20170502 is invalid, transitive dependencies (if any) will not be available, enable debug logging for more details
[8mha:////4FgVpCH/S5kjhM4aKaNEG8D32LVTzuWrGPC5JYx/R2KUAAAAYx+LCAAAAAAAAP9b85aBtbiIQSWjNKU4P0+vJLE4u1gvPjexLDVPzxdEhicW5WXmpfvll6S2fNly5fzGzauYGBgqihikoFqS8/OK83NS9ZwhNEghAwQwghQWAACwxA+XYgAAAA==[0m[WARNING] The POM for org.eclipse.jetty.websocket:websocket-api:jar:9.4.5.v20170502 is invalid, transitive dependencies (if any) will not be available, enable debug logging for more details
[8mha:////4FgVpCH/S5kjhM4aKaNEG8D32LVTzuWrGPC5JYx/R2KUAAAAYx+LCAAAAAAAAP9b85aBtbiIQSWjNKU4P0+vJLE4u1gvPjexLDVPzxdEhicW5WXmpfvll6S2fNly5fzGzauYGBgqihikoFqS8/OK83NS9ZwhNEghAwQwghQWAACwxA+XYgAAAA==[0m[WARNING] The POM for org.eclipse.jetty.websocket:websocket-common:jar:9.4.5.v20170502 is invalid, transitive dependencies (if any) will not be available, enable debug logging for more details
[8mha:////4FgVpCH/S5kjhM4aKaNEG8D32LVTzuWrGPC5JYx/R2KUAAAAYx+LCAAAAAAAAP9b85aBtbiIQSWjNKU4P0+vJLE4u1gvPjexLDVPzxdEhicW5WXmpfvll6S2fNly5fzGzauYGBgqihikoFqS8/OK83NS9ZwhNEghAwQwghQWAACwxA+XYgAAAA==[0m[WARNING] The POM for org.apache.httpcomponents:httpcore:jar:4.3.3 is invalid, transitive dependencies (if any) will not be available, enable debug logging for more details
[8mha:////4FgVpCH/S5kjhM4aKaNEG8D32LVTzuWrGPC5JYx/R2KUAAAAYx+LCAAAAAAAAP9b85aBtbiIQSWjNKU4P0+vJLE4u1gvPjexLDVPzxdEhicW5WXmpfvll6S2fNly5fzGzauYGBgqihikoFqS8/OK83NS9ZwhNEghAwQwghQWAACwxA+XYgAAAA==[0m[WARNING] The artifact org.apache.commons:commons-io:jar:1.3.2 has been relocated to commons-io:commons-io:jar:1.3.2
[INFO] 
[8mha:////4FeHgFSRyne1GA3PpjwbR1R8tgg2WwLe4OMTA4Du3+jlAAAAYB+LCAAAAAAAAP9b85aBtbiIQSmjNKU4P0+vJLE4u1gvPjexLDVPzxdEGvvmZ+X75ZekLlOVfvTjc8FPJgaGiiIGKaiG5Py84vycVD1nCA1SyAABjCCFBQCV27OjYAAAAA==[0m[INFO] --- cucumber-jvm-parallel-plugin:4.2.0:generateRunners (generateRunners) @ onlineAutomation ---
[8mha:////4FgVpCH/S5kjhM4aKaNEG8D32LVTzuWrGPC5JYx/R2KUAAAAYx+LCAAAAAAAAP9b85aBtbiIQSWjNKU4P0+vJLE4u1gvPjexLDVPzxdEhicW5WXmpfvll6S2fNly5fzGzauYGBgqihikoFqS8/OK83NS9ZwhNEghAwQwghQWAACwxA+XYgAAAA==[0m[WARNING] The format parameter is deprecated. Please use plugins
[INFO] Adding C:\AutomationFramework\JavaSeleniumFramework\target\generated-test-sources\cucumber to test-compile source root
[INFO] 
[8mha:////4FeHgFSRyne1GA3PpjwbR1R8tgg2WwLe4OMTA4Du3+jlAAAAYB+LCAAAAAAAAP9b85aBtbiIQSmjNKU4P0+vJLE4u1gvPjexLDVPzxdEGvvmZ+X75ZekLlOVfvTjc8FPJgaGiiIGKaiG5Py84vycVD1nCA1SyAABjCCFBQCV27OjYAAAAA==[0m[INFO] --- maven-resources-plugin:2.7:resources (default-resources) @ onlineAutomation ---
[INFO] Using 'UTF-8' encoding to copy filtered resources.
[INFO] Copying 7 resources
[INFO] 
[8mha:////4FeHgFSRyne1GA3PpjwbR1R8tgg2WwLe4OMTA4Du3+jlAAAAYB+LCAAAAAAAAP9b85aBtbiIQSmjNKU4P0+vJLE4u1gvPjexLDVPzxdEGvvmZ+X75ZekLlOVfvTjc8FPJgaGiiIGKaiG5Py84vycVD1nCA1SyAABjCCFBQCV27OjYAAAAA==[0m[INFO] --- maven-compiler-plugin:2.5.1:compile (default-compile) @ onlineAutomation ---
[INFO] Nothing to compile - all classes are up to date
[INFO] 
[8mha:////4FeHgFSRyne1GA3PpjwbR1R8tgg2WwLe4OMTA4Du3+jlAAAAYB+LCAAAAAAAAP9b85aBtbiIQSmjNKU4P0+vJLE4u1gvPjexLDVPzxdEGvvmZ+X75ZekLlOVfvTjc8FPJgaGiiIGKaiG5Py84vycVD1nCA1SyAABjCCFBQCV27OjYAAAAA==[0m[INFO] --- maven-resources-plugin:2.7:testResources (default-testResources) @ onlineAutomation ---
[INFO] Using 'UTF-8' encoding to copy filtered resources.
[INFO] Copying 7 resources
[INFO] 
[8mha:////4FeHgFSRyne1GA3PpjwbR1R8tgg2WwLe4OMTA4Du3+jlAAAAYB+LCAAAAAAAAP9b85aBtbiIQSmjNKU4P0+vJLE4u1gvPjexLDVPzxdEGvvmZ+X75ZekLlOVfvTjc8FPJgaGiiIGKaiG5Py84vycVD1nCA1SyAABjCCFBQCV27OjYAAAAA==[0m[INFO] --- maven-compiler-plugin:2.5.1:testCompile (default-testCompile) @ onlineAutomation ---
[INFO] Compiling 4 source files to C:\AutomationFramework\JavaSeleniumFramework\target\test-classes
[INFO] 
[8mha:////4FeHgFSRyne1GA3PpjwbR1R8tgg2WwLe4OMTA4Du3+jlAAAAYB+LCAAAAAAAAP9b85aBtbiIQSmjNKU4P0+vJLE4u1gvPjexLDVPzxdEGvvmZ+X75ZekLlOVfvTjc8FPJgaGiiIGKaiG5Py84vycVD1nCA1SyAABjCCFBQCV27OjYAAAAA==[0m[INFO] --- maven-surefire-plugin:2.17:test (default-test) @ onlineAutomation ---
[INFO] Surefire report directory: C:\AutomationFramework\JavaSeleniumFramework\target\surefire-reports

-------------------------------------------------------
 T E S T S
-------------------------------------------------------
Running com.mab.test.datadriven.Test
Configuring TestNG with: TestNG652Configurator
Tests run: 0, Failures: 0, Errors: 0, Skipped: 0, Time elapsed: 0.591 sec - in com.mab.test.datadriven.Test

Results :

Tests run: 0, Failures: 0, Errors: 0, Skipped: 0

[INFO] 
[8mha:////4FeHgFSRyne1GA3PpjwbR1R8tgg2WwLe4OMTA4Du3+jlAAAAYB+LCAAAAAAAAP9b85aBtbiIQSmjNKU4P0+vJLE4u1gvPjexLDVPzxdEGvvmZ+X75ZekLlOVfvTjc8FPJgaGiiIGKaiG5Py84vycVD1nCA1SyAABjCCFBQCV27OjYAAAAA==[0m[INFO] --- maven-surefire-plugin:2.17:test (test) @ onlineAutomation ---
[INFO] Surefire report directory: C:\AutomationFramework\JavaSeleniumFramework\target\surefire-reports

-------------------------------------------------------
 T E S T S
-------------------------------------------------------

-------------------------------------------------------
 T E S T S
-------------------------------------------------------
Running com.tests.Parallel02IT
Running com.tests.Parallel01IT
Running com.tests.Parallel03IT
Configuring TestNG with: TestNG652Configurator
Configuring TestNG with: TestNG652Configurator
Configuring TestNG with: TestNG652Configurator
Running com.tests.Parallel04IT
Configuring TestNG with: TestNG652Configurator
-- listing properties --
profile.path=/profiles/jenkins/config.properties
-- listing properties --
project.name=Harvester
mobile=Android
program.name=Guest Online WebPlatform
testToRun=**/*WebATSuite*.class
iZone.user=555045mgr
driver.root.dir=tools
platform=win32
site.url=https://www.harvester.co.uk/
harvester.booking=http://mbplc-mkt-stage2-t.adobe-campa...
udid=9889db41474a524359
iZone.password=Sunshine1
browser=chrome
iZone.url=https://tables.izone-staging.com/user...
harvester.url=https://stage-harvester.cms.mbplc.com/
-- listing properties --
profile.path=/profiles/jenkins/config.properties
-- listing properties --
project.name=Harvester
mobile=Android
program.name=Guest Online WebPlatform
testToRun=**/*WebATSuite*.class
iZone.user=555045mgr
driver.root.dir=tools
platform=win32
site.url=https://www.harvester.co.uk/
harvester.booking=http://mbplc-mkt-stage2-t.adobe-campa...
udid=9889db41474a524359
iZone.password=Sunshine1
browser=chrome
iZone.url=https://tables.izone-staging.com/user...
harvester.url=https://stage-harvester.cms.mbplc.com/
-- listing properties --
profile.path=/profiles/jenkins/config.properties
-- listing properties --
project.name=Harvester
mobile=Android
program.name=Guest Online WebPlatform
testToRun=**/*WebATSuite*.class
iZone.user=555045mgr
driver.root.dir=tools
platform=win32
site.url=https://www.harvester.co.uk/
harvester.booking=http://mbplc-mkt-stage2-t.adobe-campa...
udid=9889db41474a524359
iZone.password=Sunshine1
browser=chrome
iZone.url=https://tables.izone-staging.com/user...
harvester.url=https://stage-harvester.cms.mbplc.com/
-- listing properties --
profile.path=/profiles/jenkins/config.properties
-- listing properties --
project.name=Harvester
mobile=Android
program.name=Guest Online WebPlatform
testToRun=**/*WebATSuite*.class
iZone.user=555045mgr
driver.root.dir=tools
platform=win32
site.url=https://www.harvester.co.uk/
harvester.booking=http://mbplc-mkt-stage2-t.adobe-campa...
udid=9889db41474a524359
iZone.password=Sunshine1
browser=chrome
iZone.url=https://tables.izone-staging.com/user...
harvester.url=https://stage-harvester.cms.mbplc.com/
Starting ChromeDriver 2.37.544315 (730aa6a5fdba159ac9f4c1e8cbc59bf1b5ce12b7) on port 45340
Only local connections are allowed.
Starting ChromeDriver 2.37.544315 (730aa6a5fdba159ac9f4c1e8cbc59bf1b5ce12b7) on port 10102
Only local connections are allowed.
Apr 04, 2018 11:04:48 AM org.openqa.selenium.remote.ProtocolHandshake createSession
INFO: Detected dialect: OSS
Apr 04, 2018 11:04:48 AM org.openqa.selenium.remote.ProtocolHandshake createSession
INFO: Detected dialect: OSS
[main] INFO com.mab.test.pageobjects.mab.harvester.HomePage -  Navigating to Harvester HomePage 

Current working directory : C:\AutomationFramework\JavaSeleniumFramework
Directory
[main] INFO com.mab.test.pageobjects.mab.harvester.HomePage -  Navigating to Harvester HomePage 

Current working directory : C:\AutomationFramework\JavaSeleniumFramework
Directory
-- listing properties --
profile.path=/profiles/jenkins/config.properties
-- listing properties --
project.name=Harvester
mobile=Android
program.name=Guest Online WebPlatform
testToRun=**/*WebATSuite*.class
iZone.user=555045mgr
driver.root.dir=tools
platform=win32
site.url=https://www.harvester.co.uk/
harvester.booking=http://mbplc-mkt-stage2-t.adobe-campa...
udid=9889db41474a524359
iZone.password=Sunshine1
browser=chrome
iZone.url=https://tables.izone-staging.com/user...
harvester.url=https://stage-harvester.cms.mbplc.com/
-- listing properties --
profile.path=/profiles/jenkins/config.properties
-- listing properties --
project.name=Harvester
mobile=Android
program.name=Guest Online WebPlatform
testToRun=**/*WebATSuite*.class
iZone.user=555045mgr
driver.root.dir=tools
platform=win32
site.url=https://www.harvester.co.uk/
harvester.booking=http://mbplc-mkt-stage2-t.adobe-campa...
udid=9889db41474a524359
iZone.password=Sunshine1
browser=chrome
iZone.url=https://tables.izone-staging.com/user...
harvester.url=https://stage-harvester.cms.mbplc.com/
MalformedURLException occurs
Current working directory : C:\AutomationFramework\JavaSeleniumFramework
Directory
HTML Report is stored in the path: C:\AutomationFramework\JavaSeleniumFramework\src\test\resources\testreports\ExecutionLogs\04-04_11-05-02_67\Harvester_67.html

1 Scenarios (1 failed)
13 Steps (1 failed, 12 skipped)
0m20.142s

java.lang.NullPointerException
	at com.google.common.base.Preconditions.checkNotNull(Preconditions.java:787)
	at org.openqa.selenium.support.ui.FluentWait.<init>(FluentWait.java:96)
	at org.openqa.selenium.support.ui.WebDriverWait.<init>(WebDriverWait.java:72)
	at org.openqa.selenium.support.ui.WebDriverWait.<init>(WebDriverWait.java:46)
	at com.mab.test.framework.MobilePageObject.<init>(MobilePageObject.java:45)
	at com.mab.test.pageobjects.mab.harvester.MobileHomePage.<init>(MobileHomePage.java:29)
	at sun.reflect.NativeConstructorAccessorImpl.newInstance0(Native Method)
	at sun.reflect.NativeConstructorAccessorImpl.newInstance(NativeConstructorAccessorImpl.java:62)
	at sun.reflect.DelegatingConstructorAccessorImpl.newInstance(DelegatingConstructorAccessorImpl.java:45)
	at java.lang.reflect.Constructor.newInstance(Constructor.java:423)
	at org.picocontainer.injectors.AbstractInjector.newInstance(AbstractInjector.java:145)
	at org.picocontainer.injectors.ConstructorInjector$1.run(ConstructorInjector.java:342)
	at org.picocontainer.injectors.AbstractInjector$ThreadLocalCyclicDependencyGuard.observe(AbstractInjector.java:270)
	at org.picocontainer.injectors.ConstructorInjector.getComponentInstance(ConstructorInjector.java:364)
	at org.picocontainer.behaviors.AbstractBehavior.getComponentInstance(AbstractBehavior.java:64)
	at org.picocontainer.behaviors.Stored.getComponentInstance(Stored.java:91)
	at org.picocontainer.DefaultPicoContainer.getInstance(DefaultPicoContainer.java:699)
	at org.picocontainer.DefaultPicoContainer.getComponent(DefaultPicoContainer.java:647)
	at org.picocontainer.DefaultPicoContainer.getComponent(DefaultPicoContainer.java:632)
	at org.picocontainer.parameters.BasicComponentParameter$1.resolveInstance(BasicComponentParameter.java:118)
	at org.picocontainer.parameters.ComponentParameter$1.resolveInstance(ComponentParameter.java:136)
	at org.picocontainer.injectors.SingleMemberInjector.getParameter(SingleMemberInjector.java:78)
	at org.picocontainer.injectors.ConstructorInjector$CtorAndAdapters.getParameterArguments(ConstructorInjector.java:309)
	at org.picocontainer.injectors.ConstructorInjector$1.run(ConstructorInjector.java:335)
	at org.picocontainer.injectors.AbstractInjector$ThreadLocalCyclicDependencyGuard.observe(AbstractInjector.java:270)
	at org.picocontainer.injectors.ConstructorInjector.getComponentInstance(ConstructorInjector.java:364)
	at org.picocontainer.behaviors.AbstractBehavior.getComponentInstance(AbstractBehavior.java:64)
	at org.picocontainer.behaviors.Stored.getComponentInstance(Stored.java:91)
	at org.picocontainer.DefaultPicoContainer.getInstance(DefaultPicoContainer.java:699)
	at org.picocontainer.DefaultPicoContainer.getComponent(DefaultPicoContainer.java:647)
	at org.picocontainer.DefaultPicoContainer.getComponent(DefaultPicoContainer.java:678)
	at cucumber.runtime.java.picocontainer.PicoFactory.getInstance(PicoFactory.java:35)
	at cucumber.runtime.java.JavaStepDefinition.execute(JavaStepDefinition.java:37)
	at cucumber.runtime.StepDefinitionMatch.runStep(StepDefinitionMatch.java:37)
	at cucumber.runtime.Runtime.runStep(Runtime.java:298)
	at cucumber.runtime.model.StepContainer.runStep(StepContainer.java:44)
	at cucumber.runtime.model.StepContainer.runSteps(StepContainer.java:39)
	at cucumber.runtime.model.CucumberScenario.run(CucumberScenario.java:48)
	at cucumber.runtime.junit.ExecutionUnitRunner.run(ExecutionUnitRunner.java:91)
	at org.junit.runners.Suite.runChild(Suite.java:128)
	at org.junit.runners.Suite.runChild(Suite.java:27)
	at org.junit.runners.ParentRunner$3.run(ParentRunner.java:290)
	at org.junit.runners.ParentRunner$1.schedule(ParentRunner.java:71)
	at org.junit.runners.ParentRunner.runChildren(ParentRunner.java:288)
	at org.junit.runners.ParentRunner.access$000(ParentRunner.java:58)
	at org.junit.runners.ParentRunner$2.evaluate(ParentRunner.java:268)
	at org.junit.runners.ParentRunner.run(ParentRunner.java:363)
	at cucumber.runtime.junit.ExamplesRunner.run(ExamplesRunner.java:59)
	at org.junit.runners.Suite.runChild(Suite.java:128)
	at org.junit.runners.Suite.runChild(Suite.java:27)
	at org.junit.runners.ParentRunner$3.run(ParentRunner.java:290)
	at org.junit.runners.ParentRunner$1.schedule(ParentRunner.java:71)
	at org.junit.runners.ParentRunner.runChildren(ParentRunner.java:288)
	at org.junit.runners.ParentRunner.access$000(ParentRunner.java:58)
	at org.junit.runners.ParentRunner$2.evaluate(ParentRunner.java:268)
	at org.junit.runners.ParentRunner.run(ParentRunner.java:363)
	at cucumber.runtime.junit.ScenarioOutlineRunner.run(ScenarioOutlineRunner.java:53)
	at cucumber.runtime.junit.FeatureRunner.runChild(FeatureRunner.java:63)
	at cucumber.runtime.junit.FeatureRunner.runChild(FeatureRunner.java:18)
	at org.junit.runners.ParentRunner$3.run(ParentRunner.java:290)
	at org.junit.runners.ParentRunner$1.schedule(ParentRunner.java:71)
	at org.junit.runners.ParentRunner.runChildren(ParentRunner.java:288)
	at org.junit.runners.ParentRunner.access$000(ParentRunner.java:58)
	at org.junit.runners.ParentRunner$2.evaluate(ParentRunner.java:268)
	at org.junit.runners.ParentRunner.run(ParentRunner.java:363)
	at cucumber.runtime.junit.FeatureRunner.run(FeatureRunner.java:70)
	at cucumber.api.junit.Cucumber.runChild(Cucumber.java:93)
	at cucumber.api.junit.Cucumber.runChild(Cucumber.java:37)
	at org.junit.runners.ParentRunner$3.run(ParentRunner.java:290)
	at org.junit.runners.ParentRunner$1.schedule(ParentRunner.java:71)
	at org.junit.runners.ParentRunner.runChildren(ParentRunner.java:288)
	at org.junit.runners.ParentRunner.access$000(ParentRunner.java:58)
	at org.junit.runners.ParentRunner$2.evaluate(ParentRunner.java:268)
	at org.junit.runners.ParentRunner.run(ParentRunner.java:363)
	at cucumber.api.junit.Cucumber.run(Cucumber.java:98)
	at org.junit.runner.JUnitCore.run(JUnitCore.java:137)
	at org.junit.runner.JUnitCore.run(JUnitCore.java:115)
	at org.testng.junit.JUnit4TestRunner.start(JUnit4TestRunner.java:81)
	at org.testng.junit.JUnit4TestRunner.run(JUnit4TestRunner.java:69)
	at org.testng.TestRunner$1.run(TestRunner.java:682)
	at org.testng.TestRunner.runWorkers(TestRunner.java:1006)
	at org.testng.TestRunner.privateRunJUnit(TestRunner.java:713)
	at org.testng.TestRunner.run(TestRunner.java:614)
	at org.testng.SuiteRunner.runTest(SuiteRunner.java:348)
	at org.testng.SuiteRunner.runSequentially(SuiteRunner.java:343)
	at org.testng.SuiteRunner.privateRun(SuiteRunner.java:305)
	at org.testng.SuiteRunner.run(SuiteRunner.java:254)
	at org.testng.SuiteRunnerWorker.runSuite(SuiteRunnerWorker.java:52)
	at org.testng.SuiteRunnerWorker.run(SuiteRunnerWorker.java:86)
	at org.testng.TestNG.runSuitesSequentially(TestNG.java:1224)
	at org.testng.TestNG.runSuitesLocally(TestNG.java:1149)
	at org.testng.TestNG.run(TestNG.java:1057)
	at org.apache.maven.surefire.testng.TestNGExecutor.run(TestNGExecutor.java:115)
	at org.apache.maven.surefire.testng.TestNGDirectoryTestSuite.executeSingleClass(TestNGDirectoryTestSuite.java:128)
	at org.apache.maven.surefire.testng.TestNGDirectoryTestSuite.executeLazy(TestNGDirectoryTestSuite.java:140)
	at org.apache.maven.surefire.testng.TestNGDirectoryTestSuite.execute(TestNGDirectoryTestSuite.java:103)
	at org.apache.maven.surefire.testng.TestNGProvider.invoke(TestNGProvider.java:112)
	at org.apache.maven.surefire.booter.ForkedBooter.invokeProviderInSameClassLoader(ForkedBooter.java:200)
	at org.apache.maven.surefire.booter.ForkedBooter.runSuitesInProcess(ForkedBooter.java:153)
	at org.apache.maven.surefire.booter.ForkedBooter.main(ForkedBooter.java:103)
	at âœ½.Given The user is on the Harvester mobile home page "3"(C:/AutomationFramework/JavaSeleniumFramework/src/test/resources/features/Harvester/AndroidTableBooking.feature:6)

Tests run: 0, Failures: 0, Errors: 0, Skipped: 0, Time elapsed: 23.617 sec - in com.tests.Parallel03IT
The user is on the Harvester home page
The user is on the Harvester home page
By.xpath: //input[@id='search'] located
By.xpath: //input[@id='search'] located
By.xpath: //input[@id='search'] located
By.xpath: //input[@id='search'] located
By.xpath: //input[@id='search'] located
By.xpath: //input[@id='search'] located
The user has searched for the restaurant
The user has searched for the restaurant
By.xpath: //input[@id='findAPubSearchTerm'] located
The user has navigated to the Harvester search results
By.xpath: //input[@id='findAPubSearchTerm'] located
The user has navigated to the Harvester search results
By.xpath: //a[@class='findOnMap minus'] located
The nearest Harvester outlet is listed
By.xpath: //a[@class='findOnMap minus'] located
The nearest Harvester outlet is listed
https://stage-harvester.cms.mbplc.com/restaurants/eastandwestmidlands/pcttestlab/tablebooking
TABLE BOOKING
https://stage-harvester.cms.mbplc.com/restaurants/eastandwestmidlands/pcttestlab/tablebooking
https://stage-harvester.cms.mbplc.com/restaurants/eastandwestmidlands/pcttestlab/tablebooking
TABLE BOOKING
https://stage-harvester.cms.mbplc.com/restaurants/eastandwestmidlands/pcttestlab/tablebooking
Apr 04, 2018 11:05:52 AM org.openqa.selenium.remote.ProtocolHandshake createSession
INFO: Detected dialect: OSS
By.xpath: //select[@id='adults-tablebooking'] located
[main] INFO com.mab.test.pageobjects.mab.harvester.MobileHomePage -  Navigating to Harvester Mobile HomePage 

-- listing properties --
profile.path=/profiles/jenkins/config.properties
-- listing properties --
project.name=Harvester
mobile=Android
program.name=Guest Online WebPlatform
testToRun=**/*WebATSuite*.class
iZone.user=555045mgr
driver.root.dir=tools
platform=win32
site.url=https://www.harvester.co.uk/
harvester.booking=http://mbplc-mkt-stage2-t.adobe-campa...
udid=9889db41474a524359
iZone.password=Sunshine1
browser=chrome
iZone.url=https://tables.izone-staging.com/user...
harvester.url=https://stage-harvester.cms.mbplc.com/
By.xpath: //select[@id='adults-tablebooking'] located
29/03/2018
-1
29
29/03/2018
-1
29
Current working directory : C:\AutomationFramework\JavaSeleniumFramework
Directory
The user is on the Harvester home page
[main] INFO com.mab.test.pageobjects.mab.harvester.MobileHomePage -  Navigating to Harvester Mobile Restaurants Search Page 

 email: no sms: yes
Entering first name
 email: no sms: yes
Entering first name
By.name: firstName located
Entering last name
By.name: firstName located
Entering last name

https://stage-harvester.cms.mbplc.com/restaurants
By.name: lastName located
Entering email
By.name: lastName located
Entering email
By.name: email located
Entering mobile
By.name: email located
Entering mobile
selected restaurants page
By.name: contactNumber located
Entering landline
By.name: contactNumber located
Entering landline
Inside native app context
By.name: landlineNumber located
The user is on the Restaurants search page
postcode is B31 JP
By.name: landlineNumber located
Entering special instructions
Entering special instructions
Title Harvester | Find a restaurant near you
By.name: specialInstructions located
By.name: specialInstructions located
emailOptIn - inside case no
emailOptIn - inside case no
PCT TEST LAB
Email OptIn to be deselected
 Before switch: smsOptIn value: yes
SMS OptIn - inside case yes
Before switch: rememberDetails value: yes checkbox status: false
RememberDetails - inside case yes
Remember Details to be selected
Email OptIn to be deselected
 Before switch: smsOptIn value: yes
SMS OptIn - inside case yes
Before switch: rememberDetails value: yes checkbox status: false
RememberDetails - inside case yes
Remember Details to be selected
By.xpath: //span[@class='tablebooking--ref-number'] located
By.xpath: //span[@class='tablebooking--ref-number'] located
By.xpath: //em[@class='tablebooking--confirmation-date'] located
By.xpath: //em[@class='tablebooking--confirmation-date'] located
TABLE BOOKING
https://stage-harvester.cms.mbplc.com/restaurants/eastandwestmidlands/pcttestlab/tablebooking
By.xpath: //em[@class='tablebooking--confirmation-time'] located
By.xpath: //em[@class='tablebooking--confirmation-time'] located
true
By.xpath: //em[@class='tablebooking-confirmation-partysize'] located
Reference Number =be7d6f1e5
Confirmation date =Sun, 29 Apr 2018
Confirmation time =15:00
Party size =2 people
By.xpath: //em[@class='tablebooking-confirmation-partysize'] located
HTML Report is stored in the path: C:\AutomationFramework\JavaSeleniumFramework\src\test\resources\testreports\ExecutionLogs\04-04_11-04-52_86\Harvester_86.html

1 Scenarios (1 passed)
14 Steps (14 passed)
2m31.096s

Tests run: 0, Failures: 0, Errors: 0, Skipped: 0, Time elapsed: 154.386 sec - in com.tests.Parallel04IT
Reference Number =e2ea11226
Confirmation date =Sun, 29 Apr 2018
Confirmation time =15:00
Party size =2 people
HTML Report is stored in the path: C:\AutomationFramework\JavaSeleniumFramework\src\test\resources\testreports\ExecutionLogs\04-04_11-04-52_46\Harvester_46.html

1 Scenarios (1 passed)
14 Steps (14 passed)
2m32.906s

Tests run: 0, Failures: 0, Errors: 0, Skipped: 0, Time elapsed: 156.216 sec - in com.tests.Parallel02IT
29/03/2018
-1
29
 email: no sms: yes
Entering first name
Entering last name
Entering email
Entering mobile
Entering landline
Entering special instructions
emailOptIn - inside case no
Email OptIn to be deselected
 Before switch: smsOptIn value: yes
SMS OptIn - inside case yes
Before switch: rememberDetails value: yes checkbox status: false
RememberDetails - inside case yes
Remember Details to be selected
Reference Number =23102d3e8
Confirmation date =Sun, 29 Apr 2018
Confirmation time =15:00
Party size =2 people
HTML Report is stored in the path: C:\AutomationFramework\JavaSeleniumFramework\src\test\resources\testreports\ExecutionLogs\04-04_11-06-07_22\Harvester_22.html

1 Scenarios (1 passed)
13 Steps (13 passed)
4m10.788s

Tests run: 0, Failures: 0, Errors: 0, Skipped: 0, Time elapsed: 253.98 sec - in com.tests.Parallel01IT

Results :

Tests run: 0, Failures: 0, Errors: 0, Skipped: 0

[INFO] 
[INFO] >>> exec-maven-plugin:1.2.1:java (default) > validate @ onlineAutomation >>>
[INFO] 
[8mha:////4FeHgFSRyne1GA3PpjwbR1R8tgg2WwLe4OMTA4Du3+jlAAAAYB+LCAAAAAAAAP9b85aBtbiIQSmjNKU4P0+vJLE4u1gvPjexLDVPzxdEGvvmZ+X75ZekLlOVfvTjc8FPJgaGiiIGKaiG5Py84vycVD1nCA1SyAABjCCFBQCV27OjYAAAAA==[0m[INFO] --- cucumber-jvm-parallel-plugin:4.2.0:generateRunners (generateRunners) @ onlineAutomation ---
[8mha:////4FgVpCH/S5kjhM4aKaNEG8D32LVTzuWrGPC5JYx/R2KUAAAAYx+LCAAAAAAAAP9b85aBtbiIQSWjNKU4P0+vJLE4u1gvPjexLDVPzxdEhicW5WXmpfvll6S2fNly5fzGzauYGBgqihikoFqS8/OK83NS9ZwhNEghAwQwghQWAACwxA+XYgAAAA==[0m[WARNING] The format parameter is deprecated. Please use plugins
[INFO] Adding C:\AutomationFramework\JavaSeleniumFramework\target\generated-test-sources\cucumber to test-compile source root
[INFO] 
[INFO] <<< exec-maven-plugin:1.2.1:java (default) < validate @ onlineAutomation <<<
[INFO] 
[INFO] 
[8mha:////4FeHgFSRyne1GA3PpjwbR1R8tgg2WwLe4OMTA4Du3+jlAAAAYB+LCAAAAAAAAP9b85aBtbiIQSmjNKU4P0+vJLE4u1gvPjexLDVPzxdEGvvmZ+X75ZekLlOVfvTjc8FPJgaGiiIGKaiG5Py84vycVD1nCA1SyAABjCCFBQCV27OjYAAAAA==[0m[INFO] --- exec-maven-plugin:1.2.1:java (default) @ onlineAutomation ---
[INFO] 
[INFO] --- maven-cucumber-reporting:0.0.8:generate (execution) @ onlineAutomation ---
[8mha:////4FgVpCH/S5kjhM4aKaNEG8D32LVTzuWrGPC5JYx/R2KUAAAAYx+LCAAAAAAAAP9b85aBtbiIQSWjNKU4P0+vJLE4u1gvPjexLDVPzxdEhicW5WXmpfvll6S2fNly5fzGzauYGBgqihikoFqS8/OK83NS9ZwhNEghAwQwghQWAACwxA+XYgAAAA==[0m[WARNING] C:\AutomationFramework\JavaSeleniumFramework\target\cucumber-report\cucumber.json does not exist.
[INFO] 
[8mha:////4FeHgFSRyne1GA3PpjwbR1R8tgg2WwLe4OMTA4Du3+jlAAAAYB+LCAAAAAAAAP9b85aBtbiIQSmjNKU4P0+vJLE4u1gvPjexLDVPzxdEGvvmZ+X75ZekLlOVfvTjc8FPJgaGiiIGKaiG5Py84vycVD1nCA1SyAABjCCFBQCV27OjYAAAAA==[0m[INFO] --- maven-jar-plugin:2.4:jar (default-jar) @ onlineAutomation ---
[INFO] Building jar: C:\AutomationFramework\JavaSeleniumFramework\target\onlineAutomation-1.0-SNAPSHOT.jar
[INFO] ------------------------------------------------------------------------
[INFO] BUILD SUCCESS
[INFO] ------------------------------------------------------------------------
[INFO] Total time: 04:21 min
[INFO] Finished at: 2018-04-04T11:08:55+01:00
[INFO] Final Memory: 36M/325M
[INFO] ------------------------------------------------------------------------
[CucumberReport] Preparing Cucumber Reports
[CucumberReport] JSON report directory is "C:\BDDAutomationFramework\JavaSeleniumFramework\target\cucumber-report"
[CucumberReport] Copied 1 json files from workspace "C:\BDDAutomationFramework\JavaSeleniumFramework\target\cucumber-report" to reports directory "C:\Jenkins\jobs\ParallelDemo\builds\5\cucumber-html-reports\.cache"
[CucumberReport] Copied 0 properties files from workspace "C:\BDDAutomationFramework\JavaSeleniumFramework\target\cucumber-report" to reports directory "C:\Jenkins\jobs\ParallelDemo\builds\5\cucumber-html-reports\.cache"
[CucumberReport] Processing 1 json files:
[CucumberReport] C:\Jenkins\jobs\ParallelDemo\builds\5\cucumber-html-reports\.cache\runwebat\cucumber.json
Finished: SUCCESS
